1647563973218	geckodriver	INFO	Listening on 127.0.0.1:65126
1647563976256	mozrunner::runner	INFO	Running command: "C:\\Program Files\\Mozilla Firefox\\firefox.exe" "--marionette" "-no-remote" "-profile" "C:\\Users\\Kevyn\\AppData\\Local\\Temp\\rust_mozprofileJO7LGH"
[GFX1-]: Mismatched driver versions between the registry 8.15.10.2697 and DLL(s) 8.14.10.2697,  reported.
1647563977642	Marionette	INFO	Marionette enabled
[GFX1-]: Mismatched driver versions between the registry 8.15.10.2697 and DLL(s) 8.14.10.2697,  reported.
[GFX1-]: Mismatched driver versions between the registry 8.15.10.2697 and DLL(s) 8.14.10.2697,  reported.
console.warn: SearchSettings: "get: No settings file exists, new profile?" (new NotFoundError("Could not open the file at C:\\Users\\Kevyn\\AppData\\Local\\Temp\\rust_mozprofileJO7LGH\\search.json.mozlz4", (void 0)))
1647563983006	Marionette	INFO	Listening on port 65134
1647563983658	RemoteAgent	WARN	TLS certificate errors will be ignored for this session
[GFX1-]: Mismatched driver versions between the registry 8.15.10.2697 and DLL(s) 8.14.10.2697,  reported.
[GFX1-]: Mismatched driver versions between the registry 8.15.10.2697 and DLL(s) 8.14.10.2697,  reported.
[GFX1-]: Mismatched driver versions between the registry 8.15.10.2697 and DLL(s) 8.14.10.2697,  reported.
[GFX1-]: Mismatched driver versions between the registry 8.15.10.2697 and DLL(s) 8.14.10.2697,  reported.

###!!! [Child][PContentChild] Error: RunMessage(msgname=PWebSocket::Msg___delete__) Channel closing: too late to send/recv, messages will be lost

[GFX1-]: Mismatched driver versions between the registry 8.15.10.2697 and DLL(s) 8.14.10.2697,  reported.
[GFX1-]: RenderCompositorSWGL failed mapping default framebuffer, no dt
1647564051264	Marionette	INFO	Stopped listening on port 65134
JavaScript error: chrome://remote/content/marionette/cert.js, line 55: NS_ERROR_NOT_AVAILABLE: Component returned failure code: 0x80040111 (NS_ERROR_NOT_AVAILABLE) [nsICertOverrideService.setDisableAllSecurityChecksAndLetAttackersInterceptMyData]
[Parent 13620, IPC I/O Parent] WARNING: file /builds/worker/checkouts/gecko/ipc/chromium/src/base/process_util_win.cc:167

###!!! [Parent][PImageBridgeParent] Error: RunMessage(msgname=PImageBridge::Msg_WillClose) Channel closing: too late to send/recv, messages will be lost

1647564053999	geckodriver	INFO	Listening on 127.0.0.1:65206
1647564057027	mozrunner::runner	INFO	Running command: "C:\\Program Files\\Mozilla Firefox\\firefox.exe" "--marionette" "-no-remote" "-profile" "C:\\Users\\Kevyn\\AppData\\Local\\Temp\\rust_mozprofileIdyBDk"
[GFX1-]: Mismatched driver versions between the registry 8.15.10.2697 and DLL(s) 8.14.10.2697,  reported.
1647564058216	Marionette	INFO	Marionette enabled
[GFX1-]: Mismatched driver versions between the registry 8.15.10.2697 and DLL(s) 8.14.10.2697,  reported.
[GFX1-]: Mismatched driver versions between the registry 8.15.10.2697 and DLL(s) 8.14.10.2697,  reported.
console.warn: SearchSettings: "get: No settings file exists, new profile?" (new NotFoundError("Could not open the file at C:\\Users\\Kevyn\\AppData\\Local\\Temp\\rust_mozprofileIdyBDk\\search.json.mozlz4", (void 0)))
1647564063499	Marionette	INFO	Listening on port 65220
1647564065348	RemoteAgent	WARN	TLS certificate errors will be ignored for this session
[GFX1-]: Mismatched driver versions between the registry 8.15.10.2697 and DLL(s) 8.14.10.2697,  reported.
[GFX1-]: Mismatched driver versions between the registry 8.15.10.2697 and DLL(s) 8.14.10.2697,  reported.
[GFX1-]: Mismatched driver versions between the registry 8.15.10.2697 and DLL(s) 8.14.10.2697,  reported.
[GFX1-]: Mismatched driver versions between the registry 8.15.10.2697 and DLL(s) 8.14.10.2697,  reported.
[GFX1-]: RenderCompositorSWGL failed mapping default framebuffer, no dt
1647564097050	Marionette	INFO	Stopped listening on port 65220
JavaScript error: chrome://remote/content/marionette/cert.js, line 55: NS_ERROR_NOT_AVAILABLE: Component returned failure code: 0x80040111 (NS_ERROR_NOT_AVAILABLE) [nsICertOverrideService.setDisableAllSecurityChecksAndLetAttackersInterceptMyData]

###!!! [Parent][PContentParent] Error: Send(msgname=PContent::Msg_DestroyBrowsingContextGroup) Closed channel: cannot send/recv


###!!! [Child][PContentChild] Error: Send(msgname=PBrowser::Msg___delete__) Channel closing: too late to send/recv, messages will be lost

1647564169704	geckodriver	INFO	Listening on 127.0.0.1:65316
1647564172691	mozrunner::runner	INFO	Running command: "C:\\Program Files\\Mozilla Firefox\\firefox.exe" "--marionette" "-no-remote" "-profile" "C:\\Users\\Kevyn\\AppData\\Local\\Temp\\rust_mozprofile4QOGZV"
[GFX1-]: Mismatched driver versions between the registry 8.15.10.2697 and DLL(s) 8.14.10.2697,  reported.
1647564174393	Marionette	INFO	Marionette enabled
[GFX1-]: Mismatched driver versions between the registry 8.15.10.2697 and DLL(s) 8.14.10.2697,  reported.
[GFX1-]: Mismatched driver versions between the registry 8.15.10.2697 and DLL(s) 8.14.10.2697,  reported.
console.warn: SearchSettings: "get: No settings file exists, new profile?" (new NotFoundError("Could not open the file at C:\\Users\\Kevyn\\AppData\\Local\\Temp\\rust_mozprofile4QOGZV\\search.json.mozlz4", (void 0)))
[GFX1-]: Mismatched driver versions between the registry 8.15.10.2697 and DLL(s) 8.14.10.2697,  reported.
1647564180747	Marionette	INFO	Listening on port 65329
[GFX1-]: Mismatched driver versions between the registry 8.15.10.2697 and DLL(s) 8.14.10.2697,  reported.
[GFX1-]: Mismatched driver versions between the registry 8.15.10.2697 and DLL(s) 8.14.10.2697,  reported.
1647564181193	RemoteAgent	WARN	TLS certificate errors will be ignored for this session
[GFX1-]: Mismatched driver versions between the registry 8.15.10.2697 and DLL(s) 8.14.10.2697,  reported.
[GFX1-]: Mismatched driver versions between the registry 8.15.10.2697 and DLL(s) 8.14.10.2697,  reported.
[GFX1-]: Mismatched driver versions between the registry 8.15.10.2697 and DLL(s) 8.14.10.2697,  reported.
[GFX1-]: Mismatched driver versions between the registry 8.15.10.2697 and DLL(s) 8.14.10.2697,  reported.
1647564221988	Marionette	INFO	Stopped listening on port 65329
JavaScript error: chrome://remote/content/marionette/cert.js, line 55: NS_ERROR_NOT_AVAILABLE: Component returned failure code: 0x80040111 (NS_ERROR_NOT_AVAILABLE) [nsICertOverrideService.setDisableAllSecurityChecksAndLetAttackersInterceptMyData]
1647565523917	geckodriver	INFO	Listening on 127.0.0.1:49443
1647565526990	mozrunner::runner	INFO	Running command: "C:\\Program Files\\Mozilla Firefox\\firefox.exe" "--marionette" "-no-remote" "-profile" "C:\\Users\\Kevyn\\AppData\\Local\\Temp\\rust_mozprofileE5DJtw"
[GFX1-]: Mismatched driver versions between the registry 8.15.10.2697 and DLL(s) 8.14.10.2697,  reported.
1647565528244	Marionette	INFO	Marionette enabled
[GFX1-]: Mismatched driver versions between the registry 8.15.10.2697 and DLL(s) 8.14.10.2697,  reported.
[GFX1-]: Mismatched driver versions between the registry 8.15.10.2697 and DLL(s) 8.14.10.2697,  reported.
console.warn: SearchSettings: "get: No settings file exists, new profile?" (new NotFoundError("Could not open the file at C:\\Users\\Kevyn\\AppData\\Local\\Temp\\rust_mozprofileE5DJtw\\search.json.mozlz4", (void 0)))
1647565533676	Marionette	INFO	Listening on port 49451
1647565533855	RemoteAgent	WARN	TLS certificate errors will be ignored for this session
[GFX1-]: Mismatched driver versions between the registry 8.15.10.2697 and DLL(s) 8.14.10.2697,  reported.
[GFX1-]: Mismatched driver versions between the registry 8.15.10.2697 and DLL(s) 8.14.10.2697,  reported.
[GFX1-]: Mismatched driver versions between the registry 8.15.10.2697 and DLL(s) 8.14.10.2697,  reported.
[GFX1-]: Mismatched driver versions between the registry 8.15.10.2697 and DLL(s) 8.14.10.2697,  reported.
[GFX1-]: RenderCompositorSWGL failed mapping default framebuffer, no dt
JavaScript error: resource://gre/modules/AsyncShutdown.jsm, line 575: NotFoundError: No such JSWindowActor 'DevToolsFrame'
1647566149120	Marionette	INFO	Stopped listening on port 49451
JavaScript error: chrome://remote/content/marionette/cert.js, line 55: NS_ERROR_NOT_AVAILABLE: Component returned failure code: 0x80040111 (NS_ERROR_NOT_AVAILABLE) [nsICertOverrideService.setDisableAllSecurityChecksAndLetAttackersInterceptMyData]
JavaScript error: resource://gre/modules/AsyncShutdown.jsm, line 718: Error: Phase "Sqlite.jsm: wait until all connections are closed" is finished, it is too late to register completion condition "protections.sqlite#0: waiting for shutdown"
1647566190484	geckodriver	INFO	Listening on 127.0.0.1:49770
1647566193533	mozrunner::runner	INFO	Running command: "C:\\Program Files\\Mozilla Firefox\\firefox.exe" "--marionette" "-no-remote" "-profile" "C:\\Users\\Kevyn\\AppData\\Local\\Temp\\rust_mozprofileCtGUSt"
[GFX1-]: Mismatched driver versions between the registry 8.15.10.2697 and DLL(s) 8.14.10.2697,  reported.
1647566196733	Marionette	INFO	Marionette enabled
[GFX1-]: Mismatched driver versions between the registry 8.15.10.2697 and DLL(s) 8.14.10.2697,  reported.
[GFX1-]: Mismatched driver versions between the registry 8.15.10.2697 and DLL(s) 8.14.10.2697,  reported.
console.warn: SearchSettings: "get: No settings file exists, new profile?" (new NotFoundError("Could not open the file at C:\\Users\\Kevyn\\AppData\\Local\\Temp\\rust_mozprofileCtGUSt\\search.json.mozlz4", (void 0)))
1647566202071	Marionette	INFO	Listening on port 49778
1647566202327	RemoteAgent	WARN	TLS certificate errors will be ignored for this session
[GFX1-]: Mismatched driver versions between the registry 8.15.10.2697 and DLL(s) 8.14.10.2697,  reported.
[GFX1-]: Mismatched driver versions between the registry 8.15.10.2697 and DLL(s) 8.14.10.2697,  reported.
[GFX1-]: Mismatched driver versions between the registry 8.15.10.2697 and DLL(s) 8.14.10.2697,  reported.
[GFX1-]: Mismatched driver versions between the registry 8.15.10.2697 and DLL(s) 8.14.10.2697,  reported.
1647566241920	Marionette	INFO	Stopped listening on port 49778
JavaScript error: chrome://remote/content/marionette/cert.js, line 55: NS_ERROR_NOT_AVAILABLE: Component returned failure code: 0x80040111 (NS_ERROR_NOT_AVAILABLE) [nsICertOverrideService.setDisableAllSecurityChecksAndLetAttackersInterceptMyData]

###!!! [Parent][PContentParent] Error: Send(msgname=PContent::Msg_DestroyBrowsingContextGroup) Closed channel: cannot send/recv

JavaScript error: resource://gre/modules/Sqlite.jsm, line 1105: Error: Sqlite.jsm has been shutdown. Cannot open connection to: C:\Users\Kevyn\AppData\Local\Temp\rust_mozprofileCtGUSt\protections.sqlite
1647566258965	geckodriver	INFO	Listening on 127.0.0.1:49915
1647566262067	mozrunner::runner	INFO	Running command: "C:\\Program Files\\Mozilla Firefox\\firefox.exe" "--marionette" "-no-remote" "-profile" "C:\\Users\\Kevyn\\AppData\\Local\\Temp\\rust_mozprofile7BITMf"
[GFX1-]: Mismatched driver versions between the registry 8.15.10.2697 and DLL(s) 8.14.10.2697,  reported.
1647566263148	Marionette	INFO	Marionette enabled
[GFX1-]: Mismatched driver versions between the registry 8.15.10.2697 and DLL(s) 8.14.10.2697,  reported.
[GFX1-]: Mismatched driver versions between the registry 8.15.10.2697 and DLL(s) 8.14.10.2697,  reported.
console.warn: SearchSettings: "get: No settings file exists, new profile?" (new NotFoundError("Could not open the file at C:\\Users\\Kevyn\\AppData\\Local\\Temp\\rust_mozprofile7BITMf\\search.json.mozlz4", (void 0)))
1647566267934	Marionette	INFO	Listening on port 49925
1647566268513	RemoteAgent	WARN	TLS certificate errors will be ignored for this session
[GFX1-]: Mismatched driver versions between the registry 8.15.10.2697 and DLL(s) 8.14.10.2697,  reported.
[GFX1-]: Mismatched driver versions between the registry 8.15.10.2697 and DLL(s) 8.14.10.2697,  reported.
[GFX1-]: Mismatched driver versions between the registry 8.15.10.2697 and DLL(s) 8.14.10.2697,  reported.
[GFX1-]: Mismatched driver versions between the registry 8.15.10.2697 and DLL(s) 8.14.10.2697,  reported.
1647566347942	Marionette	INFO	Stopped listening on port 49925
JavaScript error: chrome://remote/content/marionette/cert.js, line 55: NS_ERROR_NOT_AVAILABLE: Component returned failure code: 0x80040111 (NS_ERROR_NOT_AVAILABLE) [nsICertOverrideService.setDisableAllSecurityChecksAndLetAttackersInterceptMyData]

###!!! [Parent][PContentParent] Error: Send(msgname=PContent::Msg_DestroyBrowsingContextGroup) Closed channel: cannot send/recv

JavaScript error: resource://gre/modules/Sqlite.jsm, line 1105: Error: Sqlite.jsm has been shutdown. Cannot open connection to: C:\Users\Kevyn\AppData\Local\Temp\rust_mozprofile7BITMf\protections.sqlite

###!!! [Child][PContentChild] Error: Send(msgname=PBrowser::Msg___delete__) Channel closing: too late to send/recv, messages will be lost

1647566363036	geckodriver	INFO	Listening on 127.0.0.1:50069
1647566366034	mozrunner::runner	INFO	Running command: "C:\\Program Files\\Mozilla Firefox\\firefox.exe" "--marionette" "-no-remote" "-profile" "C:\\Users\\Kevyn\\AppData\\Local\\Temp\\rust_mozprofileOuQTRx"
[GFX1-]: Mismatched driver versions between the registry 8.15.10.2697 and DLL(s) 8.14.10.2697,  reported.
1647566367075	Marionette	INFO	Marionette enabled
[GFX1-]: Mismatched driver versions between the registry 8.15.10.2697 and DLL(s) 8.14.10.2697,  reported.
[GFX1-]: Mismatched driver versions between the registry 8.15.10.2697 and DLL(s) 8.14.10.2697,  reported.
console.warn: SearchSettings: "get: No settings file exists, new profile?" (new NotFoundError("Could not open the file at C:\\Users\\Kevyn\\AppData\\Local\\Temp\\rust_mozprofileOuQTRx\\search.json.mozlz4", (void 0)))
1647566371974	Marionette	INFO	Listening on port 50077
1647566372279	RemoteAgent	WARN	TLS certificate errors will be ignored for this session
[GFX1-]: Mismatched driver versions between the registry 8.15.10.2697 and DLL(s) 8.14.10.2697,  reported.
[GFX1-]: Mismatched driver versions between the registry 8.15.10.2697 and DLL(s) 8.14.10.2697,  reported.
[GFX1-]: Mismatched driver versions between the registry 8.15.10.2697 and DLL(s) 8.14.10.2697,  reported.
[GFX1-]: Mismatched driver versions between the registry 8.15.10.2697 and DLL(s) 8.14.10.2697,  reported.
console.warn: LoginRecipes: "getRecipes: falling back to a synchronous message for:" "https://selenium.dunossauro.live"
console.warn: LoginRecipes: "getRecipes: falling back to a synchronous message for:" "https://selenium.dunossauro.live"
JavaScript error: resource://gre/modules/LoginManagerParent.jsm, line 136: TypeError: gRecipeManager is null
console.warn: LoginRecipes: "getRecipes: falling back to a synchronous message for:" "https://selenium.dunossauro.live"
JavaScript error: resource://gre/modules/LoginManagerParent.jsm, line 136: TypeError: gRecipeManager is null
console.warn: LoginRecipes: "getRecipes: falling back to a synchronous message for:" "https://selenium.dunossauro.live"
JavaScript error: resource://gre/modules/LoginManagerParent.jsm, line 136: TypeError: gRecipeManager is null
console.warn: LoginRecipes: "getRecipes: falling back to a synchronous message for:" "https://selenium.dunossauro.live"
JavaScript error: resource://gre/modules/LoginManagerParent.jsm, line 136: TypeError: gRecipeManager is null
[GFX1-]: RenderCompositorSWGL failed mapping default framebuffer, no dt
JavaScript error: resource://gre/modules/AsyncShutdown.jsm, line 575: NotFoundError: No such JSWindowActor 'DevToolsFrame'
1647566507146	Marionette	INFO	Stopped listening on port 50077
JavaScript error: chrome://remote/content/marionette/cert.js, line 55: NS_ERROR_NOT_AVAILABLE: Component returned failure code: 0x80040111 (NS_ERROR_NOT_AVAILABLE) [nsICertOverrideService.setDisableAllSecurityChecksAndLetAttackersInterceptMyData]

###!!! [Parent][PContentParent] Error: Send(msgname=PContent::Msg_DestroyBrowsingContextGroup) Closed channel: cannot send/recv


###!!! [Child][PContentChild] Error: RunMessage(msgname=PRemoteSpellcheckEngine::Reply_SetDictionaryFromList) Channel closing: too late to send/recv, messages will be lost


###!!! [Child][PContentChild] Error: Send(msgname=PBrowser::Msg___delete__) Channel closing: too late to send/recv, messages will be lost


###!!! [Parent][PImageBridgeParent] Error: RunMessage(msgname=PImageBridge::Msg_WillClose) Channel closing: too late to send/recv, messages will be lost

1647566512722	geckodriver	INFO	Listening on 127.0.0.1:50197
1647566515725	mozrunner::runner	INFO	Running command: "C:\\Program Files\\Mozilla Firefox\\firefox.exe" "--marionette" "-no-remote" "-profile" "C:\\Users\\Kevyn\\AppData\\Local\\Temp\\rust_mozprofilep3f5mc"
[GFX1-]: Mismatched driver versions between the registry 8.15.10.2697 and DLL(s) 8.14.10.2697,  reported.
1647566516923	Marionette	INFO	Marionette enabled
[GFX1-]: Mismatched driver versions between the registry 8.15.10.2697 and DLL(s) 8.14.10.2697,  reported.
[GFX1-]: Mismatched driver versions between the registry 8.15.10.2697 and DLL(s) 8.14.10.2697,  reported.
console.warn: SearchSettings: "get: No settings file exists, new profile?" (new NotFoundError("Could not open the file at C:\\Users\\Kevyn\\AppData\\Local\\Temp\\rust_mozprofilep3f5mc\\search.json.mozlz4", (void 0)))
1647566522251	Marionette	INFO	Listening on port 50205
1647566522419	RemoteAgent	WARN	TLS certificate errors will be ignored for this session
[GFX1-]: Mismatched driver versions between the registry 8.15.10.2697 and DLL(s) 8.14.10.2697,  reported.
[GFX1-]: Mismatched driver versions between the registry 8.15.10.2697 and DLL(s) 8.14.10.2697,  reported.
[GFX1-]: Mismatched driver versions between the registry 8.15.10.2697 and DLL(s) 8.14.10.2697,  reported.
[GFX1-]: Mismatched driver versions between the registry 8.15.10.2697 and DLL(s) 8.14.10.2697,  reported.
console.warn: LoginRecipes: "getRecipes: falling back to a synchronous message for:" "https://selenium.dunossauro.live"
console.warn: LoginRecipes: "getRecipes: falling back to a synchronous message for:" "https://selenium.dunossauro.live"
JavaScript error: resource://gre/modules/LoginManagerParent.jsm, line 136: TypeError: gRecipeManager is null
console.warn: LoginRecipes: "getRecipes: falling back to a synchronous message for:" "https://selenium.dunossauro.live"
JavaScript error: resource://gre/modules/LoginManagerParent.jsm, line 136: TypeError: gRecipeManager is null
console.warn: LoginRecipes: "getRecipes: falling back to a synchronous message for:" "https://selenium.dunossauro.live"
JavaScript error: resource://gre/modules/LoginManagerParent.jsm, line 136: TypeError: gRecipeManager is null
console.warn: LoginRecipes: "getRecipes: falling back to a synchronous message for:" "https://selenium.dunossauro.live"
JavaScript error: resource://gre/modules/LoginManagerParent.jsm, line 136: TypeError: gRecipeManager is null
1647566589893	Marionette	INFO	Stopped listening on port 50205
JavaScript error: chrome://remote/content/marionette/cert.js, line 55: NS_ERROR_NOT_AVAILABLE: Component returned failure code: 0x80040111 (NS_ERROR_NOT_AVAILABLE) [nsICertOverrideService.setDisableAllSecurityChecksAndLetAttackersInterceptMyData]

###!!! [Parent][PContentParent] Error: Send(msgname=PContent::Msg_DestroyBrowsingContextGroup) Closed channel: cannot send/recv


###!!! [Child][PContentChild] Error: Send(msgname=PBrowser::Msg___delete__) Channel closing: too late to send/recv, messages will be lost


###!!! [Parent][PImageBridgeParent] Error: RunMessage(msgname=PImageBridge::Msg_WillClose) Channel closing: too late to send/recv, messages will be lost

1647566599460	geckodriver	INFO	Listening on 127.0.0.1:50378
1647566602500	mozrunner::runner	INFO	Running command: "C:\\Program Files\\Mozilla Firefox\\firefox.exe" "--marionette" "-no-remote" "-profile" "C:\\Users\\Kevyn\\AppData\\Local\\Temp\\rust_mozprofileL5CsPQ"
[GFX1-]: Mismatched driver versions between the registry 8.15.10.2697 and DLL(s) 8.14.10.2697,  reported.
1647566603609	Marionette	INFO	Marionette enabled
[GFX1-]: Mismatched driver versions between the registry 8.15.10.2697 and DLL(s) 8.14.10.2697,  reported.
[GFX1-]: Mismatched driver versions between the registry 8.15.10.2697 and DLL(s) 8.14.10.2697,  reported.
console.warn: SearchSettings: "get: No settings file exists, new profile?" (new NotFoundError("Could not open the file at C:\\Users\\Kevyn\\AppData\\Local\\Temp\\rust_mozprofileL5CsPQ\\search.json.mozlz4", (void 0)))
1647566609337	Marionette	INFO	Listening on port 50386
1647566609883	RemoteAgent	WARN	TLS certificate errors will be ignored for this session
[GFX1-]: Mismatched driver versions between the registry 8.15.10.2697 and DLL(s) 8.14.10.2697,  reported.
[GFX1-]: Mismatched driver versions between the registry 8.15.10.2697 and DLL(s) 8.14.10.2697,  reported.
[GFX1-]: Mismatched driver versions between the registry 8.15.10.2697 and DLL(s) 8.14.10.2697,  reported.
[GFX1-]: Mismatched driver versions between the registry 8.15.10.2697 and DLL(s) 8.14.10.2697,  reported.
console.warn: LoginRecipes: "getRecipes: falling back to a synchronous message for:" "https://selenium.dunossauro.live"
console.warn: LoginRecipes: "getRecipes: falling back to a synchronous message for:" "https://selenium.dunossauro.live"
JavaScript error: resource://gre/modules/LoginManagerParent.jsm, line 136: TypeError: gRecipeManager is null
console.warn: LoginRecipes: "getRecipes: falling back to a synchronous message for:" "https://selenium.dunossauro.live"
JavaScript error: resource://gre/modules/LoginManagerParent.jsm, line 136: TypeError: gRecipeManager is null
console.warn: LoginRecipes: "getRecipes: falling back to a synchronous message for:" "https://selenium.dunossauro.live"
JavaScript error: resource://gre/modules/LoginManagerParent.jsm, line 136: TypeError: gRecipeManager is null
console.warn: LoginRecipes: "getRecipes: falling back to a synchronous message for:" "https://selenium.dunossauro.live"
JavaScript error: resource://gre/modules/LoginManagerParent.jsm, line 136: TypeError: gRecipeManager is null
[GFX1-]: Mismatched driver versions between the registry 8.15.10.2697 and DLL(s) 8.14.10.2697,  reported.
[GFX1-]: RenderCompositorSWGL failed mapping default framebuffer, no dt
1647569642566	Marionette	INFO	Stopped listening on port 50386
JavaScript error: chrome://remote/content/marionette/cert.js, line 55: NS_ERROR_NOT_AVAILABLE: Component returned failure code: 0x80040111 (NS_ERROR_NOT_AVAILABLE) [nsICertOverrideService.setDisableAllSecurityChecksAndLetAttackersInterceptMyData]
1647570678828	geckodriver	INFO	Listening on 127.0.0.1:52171
1647570681908	mozrunner::runner	INFO	Running command: "C:\\Program Files\\Mozilla Firefox\\firefox.exe" "--marionette" "-no-remote" "-profile" "C:\\Users\\Kevyn\\AppData\\Local\\Temp\\rust_mozprofileEssJuF"
[GFX1-]: Mismatched driver versions between the registry 8.15.10.2697 and DLL(s) 8.14.10.2697,  reported.
1647570683429	Marionette	INFO	Marionette enabled
[GFX1-]: Mismatched driver versions between the registry 8.15.10.2697 and DLL(s) 8.14.10.2697,  reported.
[GFX1-]: Mismatched driver versions between the registry 8.15.10.2697 and DLL(s) 8.14.10.2697,  reported.
console.warn: SearchSettings: "get: No settings file exists, new profile?" (new NotFoundError("Could not open the file at C:\\Users\\Kevyn\\AppData\\Local\\Temp\\rust_mozprofileEssJuF\\search.json.mozlz4", (void 0)))
[GFX1-]: Mismatched driver versions between the registry 8.15.10.2697 and DLL(s) 8.14.10.2697,  reported.
1647570689835	Marionette	INFO	Listening on port 52179
1647570690426	RemoteAgent	WARN	TLS certificate errors will be ignored for this session
[GFX1-]: Mismatched driver versions between the registry 8.15.10.2697 and DLL(s) 8.14.10.2697,  reported.
[GFX1-]: Mismatched driver versions between the registry 8.15.10.2697 and DLL(s) 8.14.10.2697,  reported.
[GFX1-]: Mismatched driver versions between the registry 8.15.10.2697 and DLL(s) 8.14.10.2697,  reported.
JavaScript error: , line 0: NotFoundError: No such JSWindowActor 'DevToolsFrame'
JavaScript error: , line 0: NotFoundError: No such JSWindowActor 'DevToolsFrame'
JavaScript error: , line 0: NotFoundError: No such JSWindowActor 'DevToolsFrame'
1647619877434	geckodriver	INFO	Listening on 127.0.0.1:58339
1647619880480	mozrunner::runner	INFO	Running command: "C:\\Program Files\\Mozilla Firefox\\firefox.exe" "--marionette" "-no-remote" "-profile" "C:\\Users\\Kevyn\\AppData\\Local\\Temp\\rust_mozprofile6n2Y7d"
[GFX1-]: Mismatched driver versions between the registry 8.15.10.2697 and DLL(s) 8.14.10.2697,  reported.
1647619881969	Marionette	INFO	Marionette enabled
[GFX1-]: Mismatched driver versions between the registry 8.15.10.2697 and DLL(s) 8.14.10.2697,  reported.
[GFX1-]: Mismatched driver versions between the registry 8.15.10.2697 and DLL(s) 8.14.10.2697,  reported.
console.warn: SearchSettings: "get: No settings file exists, new profile?" (new NotFoundError("Could not open the file at C:\\Users\\Kevyn\\AppData\\Local\\Temp\\rust_mozprofile6n2Y7d\\search.json.mozlz4", (void 0)))
1647619888180	Marionette	INFO	Listening on port 58347
1647619888403	RemoteAgent	WARN	TLS certificate errors will be ignored for this session
[GFX1-]: Mismatched driver versions between the registry 8.15.10.2697 and DLL(s) 8.14.10.2697,  reported.
[GFX1-]: Mismatched driver versions between the registry 8.15.10.2697 and DLL(s) 8.14.10.2697,  reported.
[GFX1-]: Mismatched driver versions between the registry 8.15.10.2697 and DLL(s) 8.14.10.2697,  reported.
[GFX1-]: Mismatched driver versions between the registry 8.15.10.2697 and DLL(s) 8.14.10.2697,  reported.
1647620182028	Marionette	INFO	Stopped listening on port 58347
console.error: PushServiceWebSocket: 
  _beginWSSetup: Not in shutdown state! Current state
  2
JavaScript error: chrome://remote/content/marionette/cert.js, line 55: NS_ERROR_NOT_AVAILABLE: Component returned failure code: 0x80040111 (NS_ERROR_NOT_AVAILABLE) [nsICertOverrideService.setDisableAllSecurityChecksAndLetAttackersInterceptMyData]

###!!! [Parent][PContentParent] Error: Send(msgname=PContent::Msg_DestroyBrowsingContextGroup) Closed channel: cannot send/recv


###!!! [Child][PContentChild] Error: Send(msgname=PBrowser::Msg___delete__) Channel closing: too late to send/recv, messages will be lost

file exists, new profile?" (new NotFoundError("Could not open the file at C:\\Users\\Kevyn\\AppData\\Local\\Temp\\rust_mozprofileDLG86M\\search.json.mozlz4", (void 0)))
console.error: Region.jsm: "Error fetching region" (new Error("TIMEOUT", "resource://gre/modules/Region.jsm", 772))
console.error: Region.jsm: "Failed to fetch region" (new Error("TIMEOUT", "resource://gre/modules/Region.jsm", 419))
1647620177403	Marionette	INFO	Listening on port 58498
1647620177661	RemoteAgent	WARN	TLS certificate errors will be ignored for this session
[GFX1-]: Mismatched driver versions between the registry 8.15.10.2697 and DLL(s) 8.14.10.2697,  reported.
[GFX1-]: Mismatched driver versions between the registry 8.15.10.2697 and DLL(s) 8.14.10.2697,  reported.
[GFX1-]: Mismatched driver versions between the registry 8.15.10.2697 and DLL(s) 8.14.10.2697,  reported.
[GFX1-]: RenderCompositorSWGL failed mapping default framebuffer, no dt
1647620180957	Marionette	INFO	Stopped listening on port 58498
JavaScript error: chrome://remote/content/marionette/cert.js, line 55: NS_ERROR_NOT_AVAILABLE: Component returned failure code: 0x80040111 (NS_ERROR_NOT_AVAILABLE) [nsICertOverrideService.setDisableAllSecurityChecksAndLetAttackersInterceptMyData]
1647620208087	geckodriver	INFO	Listening on 127.0.0.1:58550
1647620211124	mozrunner::runner	INFO	Running command: "C:\\Program Files\\Mozilla Firefox\\firefox.exe" "--marionette" "-no-remote" "-profile" "C:\\Users\\Kevyn\\AppData\\Local\\Temp\\rust_mozprofilejdNjwu"
[GFX1-]: Mismatched driver versions between the registry 8.15.10.2697 and DLL(s) 8.14.10.2697,  reported.
1647620212071	Marionette	INFO	Marionette enabled
[GFX1-]: Mismatched driver versions between the registry 8.15.10.2697 and DLL(s) 8.14.10.2697,  reported.
[GFX1-]: Mismatched driver versions between the registry 8.15.10.2697 and DLL(s) 8.14.10.2697,  reported.
console.warn: SearchSettings: "get: No settings file exists, new profile?" (new NotFoundError("Could not open the file at C:\\Users\\Kevyn\\AppData\\Local\\Temp\\rust_mozprofilejdNjwu\\search.json.mozlz4", (void 0)))
1647620216853	Marionette	INFO	Listening on port 58558
1647620217078	RemoteAgent	WARN	TLS certificate errors will be ignored for this session
[GFX1-]: Mismatched driver versions between the registry 8.15.10.2697 and DLL(s) 8.14.10.2697,  reported.
[GFX1-]: Mismatched driver versions between the registry 8.15.10.2697 and DLL(s) 8.14.10.2697,  reported.
[GFX1-]: Mismatched driver versions between the registry 8.15.10.2697 and DLL(s) 8.14.10.2697,  reported.
[GFX1-]: Mismatched driver versions between the registry 8.15.10.2697 and DLL(s) 8.14.10.2697,  reported.
[GFX1-]: RenderCompositorSWGL failed mapping default framebuffer, no dt
1647620291671	Marionette	INFO	Stopped listening on port 58558
JavaScript error: chrome://remote/content/marionette/cert.js, line 55: NS_ERROR_NOT_AVAILABLE: Component returned failure code: 0x80040111 (NS_ERROR_NOT_AVAILABLE) [nsICertOverrideService.setDisableAllSecurityChecksAndLetAttackersInterceptMyData]
WARNING: At least one completion condition is taking too long to complete. Conditions: [{"name":"ContentParent: id=15f39381e00","state":{"remoteTypePrefix":"webIsolated"},"filename":"/builds/worker/checkouts/gecko/dom/ipc/ContentParent.cpp","lineNumber":3509,"stack":["resource://gre/modules/nsAsyncShutdown.jsm:addBlocker:162"]}] Barrier: profile-before-change
 the file at C:\\Users\\Kevyn\\AppData\\Local\\Temp\\rust_mozprofile6nOeZy\\search.json.mozlz4", (void 0)))
1647620256764	Marionette	INFO	Listening on port 58635
1647620257353	RemoteAgent	WARN	TLS certificate errors will be ignored for this session
[GFX1-]: Mismatched driver versions between the registry 8.15.10.2697 and DLL(s) 8.14.10.2697,  reported.
[GFX1-]: Mismatched driver versions between the registry 8.15.10.2697 and DLL(s) 8.14.10.2697,  reported.
[GFX1-]: Mismatched driver versions between the registry 8.15.10.2697 and DLL(s) 8.14.10.2697,  reported.
[GFX1-]: Mismatched driver versions between the registry 8.15.10.2697 and DLL(s) 8.14.10.2697,  reported.
[GFX1-]: RenderCompositorSWGL failed mapping default framebuffer, no dt
1647620291785	Marionette	INFO	Stopped listening on port 58635
JavaScript error: chrome://remote/content/marionette/cert.js, line 55: NS_ERROR_NOT_AVAILABLE: Component returned failure code: 0x80040111 (NS_ERROR_NOT_AVAILABLE) [nsICertOverrideService.setDisableAllSecurityChecksAndLetAttackersInterceptMyData]
WARNING: At least one completion condition is taking too long to complete. Conditions: [{"name":"ContentParent: id=16cf008e400","state":{"remoteTypePrefix":"webIsolated"},"filename":"/builds/worker/checkouts/gecko/dom/ipc/ContentParent.cpp","lineNumber":3509,"stack":["resource://gre/modules/nsAsyncShutdown.jsm:addBlocker:162"]}] Barrier: profile-before-change

###!!! [Child][PContentChild] Error: RunMessage(msgname=PWebSocket::Msg_OnServerClose) Channel closing: too late to send/recv, messages will be lost


###!!! [Child][PContentChild] Error: RunMessage(msgname=PWebSocket::Msg_OnStop) Channel closing: too late to send/recv, messages will be lost

egistry 8.15.10.2697 and DLL(s) 8.14.10.2697,  reported.
[GFX1-]: Mismatched driver versions between the registry 8.15.10.2697 and DLL(s) 8.14.10.2697,  reported.
[GFX1-]: Mismatched driver versions between the registry 8.15.10.2697 and DLL(s) 8.14.10.2697,  reported.
[GFX1-]: Mismatched driver versions between the registry 8.15.10.2697 and DLL(s) 8.14.10.2697,  reported.
console.warn: services.settings: main/search-telemetry-v2 Signature verified failed. Retry from scratch
[GFX1-]: RenderCompositorSWGL failed mapping default framebuffer, no dt
1647620876165	Marionette	INFO	Stopped listening on port 58700
p\\rust_mozprofilejFiydl"
[GFX1-]: Mismatched driver versions between the registry 8.15.10.2697 and DLL(s) 8.14.10.2697,  reported.
1647620596533	Marionette	INFO	Marionette enabled
[GFX1-]: Mismatched driver versions between the registry 8.15.10.2697 and DLL(s) 8.14.10.2697,  reported.
[GFX1-]: Mismatched driver versions between the registry 8.15.10.2697 and DLL(s) 8.14.10.2697,  reported.
console.warn: SearchSettings: "get: No settings file exists, new profile?" (new NotFoundError("Could not open the file at C:\\Users\\Kevyn\\AppData\\Local\\Temp\\rust_mozprofilejFiydl\\search.json.mozlz4", (void 0)))
1647620602605	Marionette	INFO	Listening on port 58846
1647620602916	RemoteAgent	WARN	TLS certificate errors will be ignored for this session
[GFX1-]: Mismatched driver versions between the registry 8.15.10.2697 and DLL(s) 8.14.10.2697,  reported.
[GFX1-]: Mismatched driver versions between the registry 8.15.10.2697 and DLL(s) 8.14.10.2697,  reported.
[GFX1-]: Mismatched driver versions between the registry 8.15.10.2697 and DLL(s) 8.14.10.2697,  reported.
[GFX1-]: Mismatched driver versions between the registry 8.15.10.2697 and DLL(s) 8.14.10.2697,  reported.
[GFX1-]: RenderCompositorSWGL failed mapping default framebuffer, no dt
1647620876240	Marionette	INFO	Stopped listening on port 58846
[Parent 9780, IPC I/O Parent] WARNING: pipe error: 232: file /builds/worker/checkouts/gecko/ipc/chromium/src/chrome/common/ipc_channel_win.cc:565
[Parent 9780, IPC I/O Parent] WARNING: file /builds/worker/checkouts/gecko/ipc/chromium/src/base/process_util_win.cc:167
[Parent 9780, IPC I/O Parent] WARNING: file /builds/worker/checkouts/gecko/ipc/chromium/src/base/process_util_win.cc:167
d.
[GFX1-]: Mismatched driver versions between the registry 8.15.10.2697 and DLL(s) 8.14.10.2697,  reported.
console.warn: SearchSettings: "get: No settings file exists, new profile?" (new NotFoundError("Could not open the file at C:\\Users\\Kevyn\\AppData\\Local\\Temp\\rust_mozprofile3iMDcq\\search.json.mozlz4", (void 0)))
1647620749820	Marionette	INFO	Listening on port 59026
1647620750159	RemoteAgent	WARN	TLS certificate errors will be ignored for this session
[GFX1-]: Mismatched driver versions between the registry 8.15.10.2697 and DLL(s) 8.14.10.2697,  reported.
[GFX1-]: Mismatched driver versions between the registry 8.15.10.2697 and DLL(s) 8.14.10.2697,  reported.
[GFX1-]: Mismatched driver versions between the registry 8.15.10.2697 and DLL(s) 8.14.10.2697,  reported.
[GFX1-]: Mismatched driver versions between the registry 8.15.10.2697 and DLL(s) 8.14.10.2697,  reported.
[GFX1-]: RenderCompositorSWGL failed mapping default framebuffer, no dt
JavaScript error: resource://gre/modules/Prompter.jsm, line 1189: NS_ERROR_NOT_AVAILABLE: prompt aborted by user
1647620876058	Marionette	INFO	Stopped listening on port 59026
JavaScript error: chrome://remote/content/marionette/cert.js, line 55: NS_ERROR_NOT_AVAILABLE: Component returned failure code: 0x80040111 (NS_ERROR_NOT_AVAILABLE) [nsICertOverrideService.setDisableAllSecurityChecksAndLetAttackersInterceptMyData]

###!!! [Parent][PImageBridgeParent] Error: RunMessage(msgname=PImageBridge::Msg_WillClose) Channel closing: too late to send/recv, messages will be lost

chSettings: "get: No settings file exists, new profile?" (new NotFoundError("Could not open the file at C:\\Users\\Kevyn\\AppData\\Local\\Temp\\rust_mozprofilejWsUuQ\\search.json.mozlz4", (void 0)))
1647620869337	Marionette	INFO	Listening on port 59100
1647620869683	RemoteAgent	WARN	TLS certificate errors will be ignored for this session
[GFX1-]: Mismatched driver versions between the registry 8.15.10.2697 and DLL(s) 8.14.10.2697,  reported.
[GFX1-]: Mismatched driver versions between the registry 8.15.10.2697 and DLL(s) 8.14.10.2697,  reported.
[GFX1-]: Mismatched driver versions between the registry 8.15.10.2697 and DLL(s) 8.14.10.2697,  reported.
[GFX1-]: Mismatched driver versions between the registry 8.15.10.2697 and DLL(s) 8.14.10.2697,  reported.
1647620912100	Marionette	INFO	Stopped listening on port 59100
JavaScript error: chrome://remote/content/marionette/cert.js, line 55: NS_ERROR_NOT_AVAILABLE: Component returned failure code: 0x80040111 (NS_ERROR_NOT_AVAILABLE) [nsICertOverrideService.setDisableAllSecurityChecksAndLetAttackersInterceptMyData]
JavaScript error: resource://gre/modules/Prompter.jsm, line 1189: NS_ERROR_NOT_AVAILABLE: prompt aborted by user
GFX1-]: Mismatched driver versions between the registry 8.15.10.2697 and DLL(s) 8.14.10.2697,  reported.
[GFX1-]: Mismatched driver versions between the registry 8.15.10.2697 and DLL(s) 8.14.10.2697,  reported.
console.warn: SearchSettings: "get: No settings file exists, new profile?" (new NotFoundError("Could not open the file at C:\\Users\\Kevyn\\AppData\\Local\\Temp\\rust_mozprofileAN41fN\\search.json.mozlz4", (void 0)))
1647620906120	Marionette	INFO	Listening on port 59172
1647620906536	RemoteAgent	WARN	TLS certificate errors will be ignored for this session
[GFX1-]: Mismatched driver versions between the registry 8.15.10.2697 and DLL(s) 8.14.10.2697,  reported.
[GFX1-]: Mismatched driver versions between the registry 8.15.10.2697 and DLL(s) 8.14.10.2697,  reported.
[GFX1-]: Mismatched driver versions between the registry 8.15.10.2697 and DLL(s) 8.14.10.2697,  reported.
[GFX1-]: Mismatched driver versions between the registry 8.15.10.2697 and DLL(s) 8.14.10.2697,  reported.
1647621087586	Marionette	INFO	Stopped listening on port 59172
WARNING: At least one completion condition is taking too long to complete. Conditions: [{"name":"ContentParent: id=2413f15e400","state":{"remoteTypePrefix":"webIsolated"},"filename":"/builds/worker/checkouts/gecko/dom/ipc/ContentParent.cpp","lineNumber":3509,"stack":["resource://gre/modules/nsAsyncShutdown.jsm:addBlocker:162"]}] Barrier: profile-before-change
[Parent 11268, IPC I/O Parent] WARNING: pipe error: 232: file /builds/worker/checkouts/gecko/ipc/chromium/src/chrome/common/ipc_channel_win.cc:565
[GFX1]: Attempting to post to an invalid Compositor Thread

###!!! [Parent][PContentParent] Error: Send(msgname=PContent::Msg_DestroyBrowsingContextGroup) Channel error: cannot send/recv

A content process crashed and MOZ_CRASHREPORTER_SHUTDOWN is set, shutting down
oid 0)))
1647620977155	Marionette	INFO	Listening on port 59294
[GFX1-]: Mismatched driver versions between the registry 8.15.10.2697 and DLL(s) 8.14.10.2697,  reported.
1647620977468	RemoteAgent	WARN	TLS certificate errors will be ignored for this session
[GFX1-]: Mismatched driver versions between the registry 8.15.10.2697 and DLL(s) 8.14.10.2697,  reported.
[GFX1-]: Mismatched driver versions between the registry 8.15.10.2697 and DLL(s) 8.14.10.2697,  reported.
[GFX1-]: Mismatched driver versions between the registry 8.15.10.2697 and DLL(s) 8.14.10.2697,  reported.
1647621087559	Marionette	INFO	Stopped listening on port 59294
JavaScript error: resource:///modules/WindowsJumpLists.jsm, line 297: TypeError: this._builder is undefined
WARNING: At least one completion condition is taking too long to complete. Conditions: [{"name":"ContentParent: id=23f8f4eac00","state":{"remoteTypePrefix":"webIsolated"},"filename":"/builds/worker/checkouts/gecko/dom/ipc/ContentParent.cpp","lineNumber":3509,"stack":["resource://gre/modules/nsAsyncShutdown.jsm:addBlocker:162"]}] Barrier: profile-before-change
[Parent 12500, IPC I/O Parent] WARNING: pipe error: 232: file /builds/worker/checkouts/gecko/ipc/chromium/src/chrome/common/ipc_channel_win.cc:565
[GFX1]: Attempting to post to an invalid Compositor Thread

###!!! [Parent][PContentParent] Error: Send(msgname=PContent::Msg_DestroyBrowsingContextGroup) Channel error: cannot send/recv

A content process crashed and MOZ_CRASHREPORTER_SHUTDOWN is set, shutting down
te errors will be ignored for this session
[GFX1-]: Mismatched driver versions between the registry 8.15.10.2697 and DLL(s) 8.14.10.2697,  reported.
[GFX1-]: Mismatched driver versions between the registry 8.15.10.2697 and DLL(s) 8.14.10.2697,  reported.
[GFX1-]: Mismatched driver versions between the registry 8.15.10.2697 and DLL(s) 8.14.10.2697,  reported.
[GFX1-]: Mismatched driver versions between the registry 8.15.10.2697 and DLL(s) 8.14.10.2697,  reported.
1647621088480	Marionette	INFO	Stopped listening on port 59361
WARNING: At least one completion condition is taking too long to complete. Conditions: [{"name":"ContentParent: id=1a555fcb200","state":{"remoteTypePrefix":"webIsolated"},"filename":"/builds/worker/checkouts/gecko/dom/ipc/ContentParent.cpp","lineNumber":3509,"stack":["resource://gre/modules/nsAsyncShutdown.jsm:addBlocker:162"]}] Barrier: profile-before-change
[Parent 11080, IPC I/O Parent] WARNING: pipe error: 232: file /builds/worker/checkouts/gecko/ipc/chromium/src/chrome/common/ipc_channel_win.cc:565
[GFX1]: Attempting to post to an invalid Compositor Thread

###!!! [Parent][PContentParent] Error: Send(msgname=PContent::Msg_DestroyBrowsingContextGroup) Channel error: cannot send/recv

A content process crashed and MOZ_CRASHREPORTER_SHUTDOWN is set, shutting down
oid 0)))
1647621086492	Marionette	INFO	Listening on port 59432
1647621086951	RemoteAgent	WARN	TLS certificate errors will be ignored for this session
[GFX1-]: Mismatched driver versions between the registry 8.15.10.2697 and DLL(s) 8.14.10.2697,  reported.
[GFX1-]: Mismatched driver versions between the registry 8.15.10.2697 and DLL(s) 8.14.10.2697,  reported.
[GFX1-]: Mismatched driver versions between the registry 8.15.10.2697 and DLL(s) 8.14.10.2697,  reported.
[GFX1-]: Mismatched driver versions between the registry 8.15.10.2697 and DLL(s) 8.14.10.2697,  reported.
console.warn: services.settings: main/search-telemetry-v2 Signature verified failed. Retry from scratch
[GFX1-]: RenderCompositorSWGL failed mapping default framebuffer, no dt
1647625541550	Marionette	INFO	Stopped listening on port 59432
JavaScript error: chrome://remote/content/marionette/cert.js, line 55: NS_ERROR_NOT_AVAILABLE: Component returned failure code: 0x80040111 (NS_ERROR_NOT_AVAILABLE) [nsICertOverrideService.setDisableAllSecurityChecksAndLetAttackersInterceptMyData]
WARNING: At least one completion condition is taking too long to complete. Conditions: [{"name":"ContentParent: id=20818eb1000","state":{"remoteTypePrefix":"webIsolated"},"filename":"/builds/worker/checkouts/gecko/dom/ipc/ContentParent.cpp","lineNumber":3509,"stack":["resource://gre/modules/nsAsyncShutdown.jsm:addBlocker:162"]}] Barrier: profile-before-change

###!!! [Parent][PContentParent] Error: Send(msgname=PContent::Msg_DestroyBrowsingContextGroup) Channel error: cannot send/recv

A content process crashed and MOZ_CRASHREPORTER_SHUTDOWN is set, shutting down
Listening on port 61037
1647624511238	RemoteAgent	WARN	TLS certificate errors will be ignored for this session
[GFX1-]: Mismatched driver versions between the registry 8.15.10.2697 and DLL(s) 8.14.10.2697,  reported.
[GFX1-]: Mismatched driver versions between the registry 8.15.10.2697 and DLL(s) 8.14.10.2697,  reported.
[GFX1-]: Mismatched driver versions between the registry 8.15.10.2697 and DLL(s) 8.14.10.2697,  reported.
[GFX1-]: Mismatched driver versions between the registry 8.15.10.2697 and DLL(s) 8.14.10.2697,  reported.
console.warn: services.settings: main/search-telemetry-v2 Signature verified failed. Retry from scratch
[GFX1-]: RenderCompositorSWGL failed mapping default framebuffer, no dt
1647625543519	Marionette	INFO	Stopped listening on port 61037
WARNING: At least one completion condition is taking too long to complete. Conditions: [{"name":"ContentParent: id=21c9566ee00","state":{"remoteTypePrefix":"webIsolated"},"filename":"/builds/worker/checkouts/gecko/dom/ipc/ContentParent.cpp","lineNumber":3509,"stack":["resource://gre/modules/nsAsyncShutdown.jsm:addBlocker:162"]}] Barrier: profile-before-change
[GFX1]: Attempting to post to an invalid Compositor Thread

###!!! [Parent][PContentParent] Error: Send(msgname=PContent::Msg_DestroyBrowsingContextGroup) Channel error: cannot send/recv

A content process crashed and MOZ_CRASHREPORTER_SHUTDOWN is set, shutting down
driver versions between the registry 8.15.10.2697 and DLL(s) 8.14.10.2697,  reported.
1647624582549	Marionette	INFO	Listening on port 61118
1647624582945	RemoteAgent	WARN	TLS certificate errors will be ignored for this session
[GFX1-]: Mismatched driver versions between the registry 8.15.10.2697 and DLL(s) 8.14.10.2697,  reported.
[GFX1-]: Mismatched driver versions between the registry 8.15.10.2697 and DLL(s) 8.14.10.2697,  reported.
[GFX1-]: Mismatched driver versions between the registry 8.15.10.2697 and DLL(s) 8.14.10.2697,  reported.
console.warn: services.settings: main/search-telemetry-v2 Signature verified failed. Retry from scratch
[GFX1-]: RenderCompositorSWGL failed mapping default framebuffer, no dt
1647625545877	Marionette	INFO	Stopped listening on port 61118
JavaScript error: chrome://remote/content/marionette/cert.js, line 55: NS_ERROR_NOT_AVAILABLE: Component returned failure code: 0x80040111 (NS_ERROR_NOT_AVAILABLE) [nsICertOverrideService.setDisableAllSecurityChecksAndLetAttackersInterceptMyData]
2697 and DLL(s) 8.14.10.2697,  reported.
[GFX1-]: Mismatched driver versions between the registry 8.15.10.2697 and DLL(s) 8.14.10.2697,  reported.
console.warn: SearchSettings: "get: No settings file exists, new profile?" (new NotFoundError("Could not open the file at C:\\Users\\Kevyn\\AppData\\Local\\Temp\\rust_mozprofileIJ6iU1\\search.json.mozlz4", (void 0)))
1647624797441	Marionette	INFO	Listening on port 61271
1647624797757	RemoteAgent	WARN	TLS certificate errors will be ignored for this session
[GFX1-]: Mismatched driver versions between the registry 8.15.10.2697 and DLL(s) 8.14.10.2697,  reported.
[GFX1-]: Mismatched driver versions between the registry 8.15.10.2697 and DLL(s) 8.14.10.2697,  reported.
[GFX1-]: Mismatched driver versions between the registry 8.15.10.2697 and DLL(s) 8.14.10.2697,  reported.
[GFX1-]: Mismatched driver versions between the registry 8.15.10.2697 and DLL(s) 8.14.10.2697,  reported.
console.warn: services.settings: main/search-telemetry-v2 Signature verified failed. Retry from scratch
[GFX1-]: RenderCompositorSWGL failed mapping default framebuffer, no dt
1647625547199	Marionette	INFO	Stopped listening on port 61271
JavaScript error: chrome://remote/content/marionette/cert.js, line 55: NS_ERROR_NOT_AVAILABLE: Component returned failure code: 0x80040111 (NS_ERROR_NOT_AVAILABLE) [nsICertOverrideService.setDisableAllSecurityChecksAndLetAttackersInterceptMyData]
2697 and DLL(s) 8.14.10.2697,  reported.
[GFX1-]: Mismatched driver versions between the registry 8.15.10.2697 and DLL(s) 8.14.10.2697,  reported.
console.warn: SearchSettings: "get: No settings file exists, new profile?" (new NotFoundError("Could not open the file at C:\\Users\\Kevyn\\AppData\\Local\\Temp\\rust_mozprofileWlPEgZ\\search.json.mozlz4", (void 0)))
[GFX1-]: Mismatched driver versions between the registry 8.15.10.2697 and DLL(s) 8.14.10.2697,  reported.
1647624896464	Marionette	INFO	Listening on port 61348
1647624896836	RemoteAgent	WARN	TLS certificate errors will be ignored for this session
[GFX1-]: Mismatched driver versions between the registry 8.15.10.2697 and DLL(s) 8.14.10.2697,  reported.
[GFX1-]: Mismatched driver versions between the registry 8.15.10.2697 and DLL(s) 8.14.10.2697,  reported.
[GFX1-]: Mismatched driver versions between the registry 8.15.10.2697 and DLL(s) 8.14.10.2697,  reported.
console.warn: services.settings: main/search-telemetry-v2 Signature verified failed. Retry from scratch
[GFX1-]: RenderCompositorSWGL failed mapping default framebuffer, no dt
1647625546130	Marionette	INFO	Stopped listening on port 61348
JavaScript error: chrome://remote/content/marionette/cert.js, line 55: NS_ERROR_NOT_AVAILABLE: Component returned failure code: 0x80040111 (NS_ERROR_NOT_AVAILABLE) [nsICertOverrideService.setDisableAllSecurityChecksAndLetAttackersInterceptMyData]
WARNING: At least one completion condition is taking too long to complete. Conditions: [{"name":"ContentParent: id=239c1bd2600","state":{"remoteTypePrefix":"webIsolated"},"filename":"/builds/worker/checkouts/gecko/dom/ipc/ContentParent.cpp","lineNumber":3509,"stack":["resource://gre/modules/nsAsyncShutdown.jsm:addBlocker:162"]}] Barrier: profile-before-change

###!!! [Child][PContentChild] Error: Send(msgname=PWebSocket::Msg_DeleteSelf) Channel closing: too late to send/recv, messages will be lost


###!!! [Child][PContentChild] Error: RunMessage(msgname=PContent::Msg_DestroyBrowsingContextGroup) Channel closing: too late to send/recv, messages will be lost

8.15.10.2697 and DLL(s) 8.14.10.2697,  reported.
[GFX1-]: Mismatched driver versions between the registry 8.15.10.2697 and DLL(s) 8.14.10.2697,  reported.
[GFX1-]: Mismatched driver versions between the registry 8.15.10.2697 and DLL(s) 8.14.10.2697,  reported.

###!!! [Child][PContentChild] Error: Send(msgname=PContent::Msg_InsertNewFocusActionId) Channel closing: too late to send/recv, messages will be lost

console.warn: services.settings: main/search-telemetry-v2 Signature verified failed. Retry from scratch
[GFX1-]: RenderCompositorSWGL failed mapping default framebuffer, no dt
1647625547375	Marionette	INFO	Stopped listening on port 61434
JavaScript error: chrome://remote/content/marionette/cert.js, line 55: NS_ERROR_NOT_AVAILABLE: Component returned failure code: 0x80040111 (NS_ERROR_NOT_AVAILABLE) [nsICertOverrideService.setDisableAllSecurityChecksAndLetAttackersInterceptMyData]
1647625757756	geckodriver	INFO	Listening on 127.0.0.1:61866
1647625760859	mozrunner::runner	INFO	Running command: "C:\\Program Files\\Mozilla Firefox\\firefox.exe" "--marionette" "-no-remote" "-profile" "C:\\Users\\Kevyn\\AppData\\Local\\Temp\\rust_mozprofileGXHrKM"
[GFX1-]: Mismatched driver versions between the registry 8.15.10.2697 and DLL(s) 8.14.10.2697,  reported.
1647625762706	Marionette	INFO	Marionette enabled
[GFX1-]: Mismatched driver versions between the registry 8.15.10.2697 and DLL(s) 8.14.10.2697,  reported.
[GFX1-]: Mismatched driver versions between the registry 8.15.10.2697 and DLL(s) 8.14.10.2697,  reported.
console.warn: SearchSettings: "get: No settings file exists, new profile?" (new NotFoundError("Could not open the file at C:\\Users\\Kevyn\\AppData\\Local\\Temp\\rust_mozprofileGXHrKM\\search.json.mozlz4", (void 0)))
1647625768484	Marionette	INFO	Listening on port 61874
1647625768767	RemoteAgent	WARN	TLS certificate errors will be ignored for this session
[GFX1-]: Mismatched driver versions between the registry 8.15.10.2697 and DLL(s) 8.14.10.2697,  reported.
[GFX1-]: Mismatched driver versions between the registry 8.15.10.2697 and DLL(s) 8.14.10.2697,  reported.
[GFX1-]: Mismatched driver versions between the registry 8.15.10.2697 and DLL(s) 8.14.10.2697,  reported.
[GFX1-]: Mismatched driver versions between the registry 8.15.10.2697 and DLL(s) 8.14.10.2697,  reported.
1647625968486	geckodriver	INFO	Listening on 127.0.0.1:62031
1647625971457	mozrunner::runner	INFO	Running command: "C:\\Program Files\\Mozilla Firefox\\firefox.exe" "--marionette" "-no-remote" "-profile" "C:\\Users\\Kevyn\\AppData\\Local\\Temp\\rust_mozprofile4E70Qk"
[GFX1-]: Mismatched driver versions between the registry 8.15.10.2697 and DLL(s) 8.14.10.2697,  reported.
1647625973218	Marionette	INFO	Marionette enabled
[GFX1-]: Mismatched driver versions between the registry 8.15.10.2697 and DLL(s) 8.14.10.2697,  reported.
[GFX1-]: Mismatched driver versions between the registry 8.15.10.2697 and DLL(s) 8.14.10.2697,  reported.
console.warn: SearchSettings: "get: No settings file exists, new profile?" (new NotFoundError("Could not open the file at C:\\Users\\Kevyn\\AppData\\Local\\Temp\\rust_mozprofile4E70Qk\\search.json.mozlz4", (void 0)))
1647625980589	Marionette	INFO	Listening on port 62039
1647625981406	RemoteAgent	WARN	TLS certificate errors will be ignored for this session
[GFX1-]: Mismatched driver versions between the registry 8.15.10.2697 and DLL(s) 8.14.10.2697,  reported.
[GFX1-]: Mismatched driver versions between the registry 8.15.10.2697 and DLL(s) 8.14.10.2697,  reported.
[GFX1-]: Mismatched driver versions between the registry 8.15.10.2697 and DLL(s) 8.14.10.2697,  reported.
[GFX1-]: Mismatched driver versions between the registry 8.15.10.2697 and DLL(s) 8.14.10.2697,  reported.
